2024-06-01T18:07:12+00:00 WARNING Hide condition added to detached block. Block will not be included in the template, so the hide condition is not needed.
Array
(
    [template] => product-variation (area: product-form)
    [container] => general (name: woocommerce/product-tab)
    [block] => product-downloads-section-group (name: woocommerce/product-section)
)
2024-06-01T18:07:12+00:00 WARNING Hide condition added to detached block. Block will not be included in the template, so the hide condition is not needed.
Array
(
    [template] => product-variation (area: product-form)
    [container] => product-downloads-section-group (name: woocommerce/product-section)
    [block] => product-downloads-section (name: woocommerce/product-subsection)
)
2024-06-01T18:07:12+00:00 WARNING Hide condition added to detached block. Block will not be included in the template, so the hide condition is not needed.
Array
(
    [template] => product-variation (area: product-form)
    [container] => product-variation-inventory-inner-section (name: woocommerce/product-subsection)
    [block] => product-variation-inventory-quantity (name: woocommerce/product-inventory-quantity-field)
)
2024-06-01T18:07:12+00:00 WARNING Hide condition added to detached block. Block will not be included in the template, so the hide condition is not needed.
Array
(
    [template] => product-variation (area: product-form)
    [container] => product-variation-inventory-section (name: woocommerce/product-section)
    [block] => product-variation-stock-status (name: woocommerce/product-radio-field)
)
